<?xml version="1.0" encoding="UTF-8"?>
<!-- Generated by org.testng.reporters.JUnitReportReporter -->
<testsuite skipped="0" hostname="ASDP1534PO01976" name="com.qainfotech.com.PostManTutorial.GitLoginPostman" tests="3" failures="0" timestamp="01 Oct 2018 04:17:07 GMT" time="15.686" errors="0">
  <testcase name="signInWithCorrectCredential" time="2.880" classname="com.qainfotech.com.PostManTutorial.GitLoginPostman"/>
  <testcase name="createNewRepo" time="12.570" classname="com.qainfotech.com.PostManTutorial.GitLoginPostman"/>
  <testcase name="openTerminalAndUpoadCodeOnGit" time="0.236" classname="com.qainfotech.com.PostManTutorial.GitLoginPostman"/>
</testsuite> <!-- com.qainfotech.com.PostManTutorial.GitLoginPostman -->
