<?xml version="1.0" encoding="UTF-8"?>
<!-- Generated by org.testng.reporters.JUnitReportReporter -->
<testsuite skipped="0" hostname="ASDP1534PO01976" name="com.qainfotech.com.PostManTutorial.NewTest" tests="2" failures="0" timestamp="20 Aug 2018 05:34:42 GMT" time="7.189" errors="0">
  <testcase name="fillAlertBox" time="7.183" classname="com.qainfotech.com.PostManTutorial.NewTest"/>
  <testcase name="f" time="0.006" classname="com.qainfotech.com.PostManTutorial.NewTest"/>
</testsuite> <!-- com.qainfotech.com.PostManTutorial.NewTest -->
